120.805 23.5103 0 ALS
121.365 23.0992 0 CHK
120.412 23.7192 0 CHY002
120.172 23.6013 0 CHY004
120.552 23.5815 0 CHY006
120.269 23.4853 0 CHY008
120.544 23.4653 0 CHY010
120.152 23.3328 0 CHY012
120.583 23.2963 0 CHY014
120.405 23.355 0 CHY015
120.153 23.2212 0 CHY016
120.268 23.2147 0 CHY017
120.478 23.1795 0 CHY019
120.462 23.0457 0 CHY022
120.28 22.9655 0 CHY023
120.606 23.757 0 CHY024
120.514 23.7795 0 CHY025
120.411 23.7987 0 CHY026
120.247 23.752 0 CHY027
120.605 23.632 0 CHY028
120.528 23.6135 0 CHY029
120.294 23.5799 0 CHY032
120.215 23.5407 0 CHY033
120.544 23.5212 0 CHY034
120.584 23.52 0 CHY035
120.479 23.6073 0 CHY036
120.344 23.5207 0 CHY039
120.596 23.4388 0 CHY041
120.583 23.3583 0 CHY042
120.163 23.3832 0 CHY044
120.463 23.4765 0 CHY046
120.447 23.4938 0 CHY047
120.408 23.2803 0 CHY050
120.501 23.2878 0 CHY052
120.31 23.3077 0 CHY054
120.271 23.2698 0 CHY055
120.41 23.1495 0 CHY057
120.319 23.1725 0 CHY058
120.103 23.184 0 CHY059
120.239 23.1243 0 CHY060
120.511 23.0768 0 CHY061
120.45 23.1213 0 CHY062
120.34 23.027 0 CHY063
120.345 22.906 0 CHY065
120.208 22.9205 0 CHY066
120.184 22.999 0 CHY067
120.182 22.9737 0 CHY069
120.229 22.9651 0 CHY070
120.164 23.0648 0 CHY071
120.805 23.5103 0 CHY074
119.555 23.5672 0 CHY075
120.222 23.638 0 CHY076
120.228 23.0402 0 CHY078
120.528 23.1848 0 CHY079
120.678 23.5972 0 CHY080
120.496 23.2703 0 CHY081
120.298 23.7237 0 CHY082
120.593 23.351 0 CHY086
120.519 23.3845 0 CHY087
120.429 23.3462 0 CHY088
120.216 23.2673 0 CHY090
120.478 23.7913 0 CHY092
120.147 23.6538 0 CHY093
120.321 23.7935 0 CHY094
120.233 22.983 0 CHY096
120.28 23.1373 0 CHY099
120.342 23.2272 0 CHY100
120.562 23.6862 0 CHY101
120.614 23.2455 0 CHY102
120.465 23.6695 0 CHY104
120.29 23.2988 0 CHY107
120.53 23.2517 0 CHY109
120.53 23.2517 0 CHY110
120.227 23.7912 0 CHY111
120.183 23.7035 0 CHY112
120.119 23.0372 0 CHY114
120.097 23.1543 0 CHY115
120.108 23.0775 0 CHY116
120.424 23.4977 0 CHY
